<?xml version="1.0" encoding="UTF-8"?>
<!-- Generated by org.testng.reporters.JUnitReportReporter -->
<testsuite skipped="0" hostname="mypc-PC" name="Test.Annotations" tests="2" failures="0" timestamp="17 Aug 2018 05:09:54 GMT" time="0.010" errors="0">
  <testcase name="FlightBooking" time="0.000" classname="Test.Annotations"/>
  <testcase name="AopenBrowser" time="0.010" classname="Test.Annotations"/>
</testsuite> <!-- Test.Annotations -->
