<?xml version="1.0" encoding="UTF-8"?>
<!-- Generated by org.testng.reporters.JUnitReportReporter -->
<testsuite skipped="0" hostname="mypc-PC" name="Test.Annotations2" tests="3" failures="0" timestamp="17 Aug 2018 05:09:54 GMT" time="0.005" errors="0">
  <testcase name="B" time="0.000" classname="Test.Annotations2"/>
  <testcase name="C" time="0.005" classname="Test.Annotations2"/>
  <testcase name="A" time="0.000" classname="Test.Annotations2"/>
</testsuite> <!-- Test.Annotations2 -->
