<?xml version="1.0" encoding="UTF-8"?>
<!-- Generated by org.testng.reporters.JUnitReportReporter -->
<testsuite skipped="0" hostname="mypc-PC" name="testNGFiles.basicTest" tests="1" failures="0" timestamp="17 Aug 2018 05:10:40 GMT" time="0.010" errors="0">
  <testcase name="BasicTest1" time="0.010" classname="testNGFiles.basicTest"/>
</testsuite> <!-- testNGFiles.basicTest -->
